生成启动时间为 2020/5/26 22:42:35。
     1>项目“c:\Users\Mr Yang\documents\visual studio 2015\Projects\QtGuiApplication1\QtGuiApplication1\QtGuiApplication1.vcxproj”在节点 2 上(Build 个目标)。
     1>QtVars:
         Reading Qt configuration (E:\Qt\Qt5.9.1\5.9.1\msvc2015_64\bin\qmake.exe)
         WHERE /Q cl.exe
         ("E:\Qt\Qt5.9.1\5.9.1\msvc2015_64\bin\qmake.exe") 1> qtvars.log 2>&1
     1>项目“c:\Users\Mr Yang\documents\visual studio 2015\Projects\QtGuiApplication1\QtGuiApplication1\QtGuiApplication1.vcxproj”(1)正在节点 2 上生成“c:\Users\Mr Yang\documents\visual studio 2015\Projects\QtGuiApplication1\QtGuiApplication1\QtGuiApplication1.vcxproj”(1:2) (Build 个目标)。
     1>QtRccSetDependencies:
         "E:\Qt\Qt5.9.1\5.9.1\msvc2015_64\bin\rcc.exe" --list "QtGuiApplication1.qrc" > "x64\Debug\rcc_list.txt" 2> nul
       QtWork:
         uic QtGuiApplication1.ui
         rcc QtGuiApplication1.qrc
         moc QtGuiApplication1.h
          RCC: Warning: No resources in 'c:\Users\Mr Yang\documents\visual studio 2015\Projects\QtGuiApplication1\QtGuiApplication1\QtGuiApplication1.qrc'.
       ClCompile:
         E:\Microsoft Visual Studio 14.0\VC\bin\x86_amd64\CL.exe /c /Ix64\Debug\uic /Ix64\Debug\moc /IE:\Qt\Qt5.9.1\5.9.1\msvc2015_64\include /IE:\Qt\Qt5.9.1\5.9.1\msvc2015_64\include\QtWidgets /IE:\Qt\Qt5.9.1\5.9.1\msvc2015_64\include\QtGui /IE:\Qt\Qt5.9.1\5.9.1\msvc2015_64\include\QtANGLE /IE:\Qt\Qt5.9.1\5.9.1\msvc2015_64\include\QtCore /I"E:\Qt\Qt5.9.1\5.9.1\msvc2015_64\mkspecs\win32-msvc" /Ix64\Debug\moc /Ix64\Debug\uic /Zi /nologo /W1 /WX- /MP /Od /D UNICODE /D WIN32 /D WIN64 /D QT_WIDGETS_LIB /D QT_GUI_LIB /D QT_CORE_LIB /Gm- /EHsc /MDd /GS /fp:precise /Zc:wchar_t /Zc:forScope /Zc:inline /Fo"x64\Debug\\" /Fd"x64\Debug\vc140.pdb" /Gd /TP /errorReport:prompt main.cpp QtGuiApplication1.cpp
         main.cpp
         QtGuiApplication1.cpp
         E:\Microsoft Visual Studio 14.0\VC\bin\x86_amd64\CL.exe /c /Ix64\Debug\uic /Ix64\Debug\moc /I"c:\Users\Mr Yang\documents\visual studio 2015\Projects\QtGuiApplication1\QtGuiApplication1\\" /IE:\Qt\Qt5.9.1\5.9.1\msvc2015_64\include /IE:\Qt\Qt5.9.1\5.9.1\msvc2015_64\include\QtWidgets /IE:\Qt\Qt5.9.1\5.9.1\msvc2015_64\include\QtGui /IE:\Qt\Qt5.9.1\5.9.1\msvc2015_64\include\QtANGLE /IE:\Qt\Qt5.9.1\5.9.1\msvc2015_64\include\QtCore /I"E:\Qt\Qt5.9.1\5.9.1\msvc2015_64\mkspecs\win32-msvc" /Ix64\Debug\moc /Ix64\Debug\uic /Zi /nologo /W1 /WX- /MP /Od /D UNICODE /D WIN32 /D WIN64 /D QT_WIDGETS_LIB /D QT_GUI_LIB /D QT_CORE_LIB /Gm- /EHsc /MDd /GS /fp:precise /Zc:wchar_t /Zc:forScope /Zc:inline /Fo"x64\Debug\\" /Fd"x64\Debug\vc140.pdb" /Gd /TP /errorReport:prompt x64\Debug\\rcc\qrc_QtGuiApplication1.cpp x64\Debug\\moc\moc_QtGuiApplication1.cpp
         qrc_QtGuiApplication1.cpp
         moc_QtGuiApplication1.cpp
       Link:
         E:\Microsoft Visual Studio 14.0\VC\bin\x86_amd64\link.exe /ERRORREPORT:PROMPT /OUT:"c:\users\mr yang\documents\visual studio 2015\Projects\QtGuiApplication1\x64\Debug\\QtGuiApplication1.exe" /NOLOGO /LIBPATH:E:\Qt\Qt5.9.1\5.9.1\msvc2015_64\lib /LIBPATH:C:\utils\my_sql\my_sql\lib /LIBPATH:C:\utils\postgresql\pgsql\lib E:\Qt\Qt5.9.1\5.9.1\msvc2015_64\lib\qtmaind.lib shell32.lib E:\Qt\Qt5.9.1\5.9.1\msvc2015_64\lib\Qt5Widgetsd.lib E:\Qt\Qt5.9.1\5.9.1\msvc2015_64\lib\Qt5Guid.lib E:\Qt\Qt5.9.1\5.9.1\msvc2015_64\lib\Qt5Cored.lib kernel32.lib user32.lib gdi32.lib winspool.lib comdlg32.lib advapi32.lib shell32.lib ole32.lib oleaut32.lib uuid.lib odbc32.lib odbccp32.lib /MANIFEST /MANIFESTUAC:"level='asInvoker' uiAccess='false'" /manifest:embed /Debug /PDB:"c:\users\mr yang\documents\visual studio 2015\Projects\QtGuiApplication1\x64\Debug\QtGuiApplication1.pdb" /SUBSYSTEM:WINDOWS /TLBID:1 /DYNAMICBASE /NXCOMPAT /IMPLIB:"c:\users\mr yang\documents\visual studio 2015\Projects\QtGuiApplication1\x64\Debug\QtGuiApplication1.lib" /MACHINE:X64 x64\Debug\main.obj
         x64\Debug\QtGuiApplication1.obj
         x64\Debug\qrc_QtGuiApplication1.obj
         x64\Debug\moc_QtGuiApplication1.obj
         QtGuiApplication1.vcxproj -> c:\users\mr yang\documents\visual studio 2015\Projects\QtGuiApplication1\x64\Debug\QtGuiApplication1.exe
     1>已完成生成项目“c:\Users\Mr Yang\documents\visual studio 2015\Projects\QtGuiApplication1\QtGuiApplication1\QtGuiApplication1.vcxproj”(Build 个目标)的操作。
     1>已完成生成项目“c:\Users\Mr Yang\documents\visual studio 2015\Projects\QtGuiApplication1\QtGuiApplication1\QtGuiApplication1.vcxproj”(Build 个目标)的操作。

已成功生成。

已用时间 00:00:18.27
